<?xml version="1.0" encoding="UTF-8"?>
<!-- Generated by org.testng.reporters.JUnitXMLReporter -->
<testsuite ignored="0" hostname="LAPTOP-T9MLA83G" failures="0" tests="4" name="Test" time="74.895" errors="0" timestamp="2022-11-05T21:20:28 IST">
  <testcase classname="test.Day3_LoginFunctionalityTest" name="login" time="3.294"/>
  <testcase classname="test.Day3_LoginFunctionalityTest" name="loginU" time="0.856"/>
  <testcase classname="test.Day3_LoginFunctionalityTest" name="loginP" time="0.901"/>
  <testcase classname="test.Day3_LoginFunctionalityTest" name="loginUP" time="2.106"/>
</testsuite> <!-- Test -->
