<?xml version="1.0" encoding="UTF-8"?>
<testng-results ignored="0" total="1" passed="1" failed="0" skipped="0">
  <reporter-output>
  </reporter-output>
  <suite started-at="2022-12-25T10:39:15 IST" name="Default suite" finished-at="2022-12-25T10:40:05 IST" duration-ms="50132">
    <groups>
    </groups>
    <test started-at="2022-12-25T10:39:15 IST" name="Default test" finished-at="2022-12-25T10:40:05 IST" duration-ms="50132">
      <class name="test.P">
        <test-method signature="login()[pri:1, instance:test.P@78e4deb0]" started-at="2022-12-25T10:39:15 IST" name="login" finished-at="2022-12-25T10:40:05 IST" duration-ms="50044" status="PASS">
          <reporter-output>
          </reporter-output>
        </test-method> <!-- login -->
      </class> <!-- test.P -->
    </test> <!-- Default test -->
  </suite> <!-- Default suite -->
</testng-results>
